<?xml version="1.0" encoding="UTF-8"?>
<testsuite name="DollarCalculatorTest" tests="1" skipped="0" failures="0" errors="0" timestamp="2023-04-14T20:23:22" hostname="iminsuui-MacBookAir.local" time="0.169">
  <properties/>
  <testcase name="mockTest()" classname="DollarCalculatorTest" time="0.169"/>
  <system-out><![CDATA[]]></system-out>
  <system-err><![CDATA[]]></system-err>
</testsuite>
